<?xml version="1.0" encoding="UTF-8"?>
<!-- Generated by org.testng.reporters.JUnitXMLReporter -->
<testsuite ignored="0" hostname="LAPTOP-DGS1AD5G" failures="1" tests="1" name="Surefire test" time="8.598" errors="0" timestamp="2023-12-09T19:45:57 IST">
  <testcase classname="myAssignment.AssignmentTest" name="completeAssignment" time="8.558">
    <failure type="java.lang.AssertionError" message="[ASSERT FAILED]: New values are not appearing in table expected [true] but found [false]">
      <![CDATA[java.lang.AssertionError: [ASSERT FAILED]: New values are not appearing in table expected [true] but found [false]
at myAssignment.AssignmentTest.completeAssignment(AssignmentTest.java:41)
at java.base/java.util.ArrayList.forEach(ArrayList.java:1511)
... Removed 35 stack frames]]>
    </failure>
  </testcase> <!-- completeAssignment -->
</testsuite> <!-- Surefire test -->
