<?xml version="1.0" encoding="UTF-8"?>
<testng-results ignored="0" total="1" passed="1" failed="0" skipped="0">
  <reporter-output>
  </reporter-output>
  <suite started-at="2023-12-09T20:34:49 IST" name="Default suite" finished-at="2023-12-09T20:35:03 IST" duration-ms="14021">
    <groups>
    </groups>
    <test started-at="2023-12-09T20:34:49 IST" name="Default test" finished-at="2023-12-09T20:35:03 IST" duration-ms="14021">
      <class name="myAssignment.AssignmentTest">
        <test-method signature="completeAssignment()[pri:0, instance:myAssignment.AssignmentTest@47d9a273]" started-at="2023-12-09T20:34:49 IST" name="completeAssignment" finished-at="2023-12-09T20:35:03 IST" duration-ms="13966" status="PASS">
          <reporter-output>
          </reporter-output>
        </test-method> <!-- completeAssignment -->
      </class> <!-- myAssignment.AssignmentTest -->
    </test> <!-- Default test -->
  </suite> <!-- Default suite -->
</testng-results>
